2024-04-01 13:01:43,502: [11] m.main:INFO: Registered plugins: IntrospectionAPIPlugin, <class 'manticore.ethereum.plugins.SkipRevertBasicBlocks'>, <class 'manticore.ethereum.plugins.FilterFunctions'>
2024-04-01 13:01:43,502: [11] m.main:INFO: Beginning analysis
2024-04-01 13:01:43,504: [11] m.e.manticore:INFO: Starting symbolic create contract
2024-04-01 13:01:44,803: [11] m.e.manticore:INFO: Failed to create contract: exception in constructor
2024-04-01 13:01:44,880: [11] m.c.manticore:INFO: Results in /mcore_jnqdzepg
2024-04-01 13:01:44,880: [11] m.c.manticore:INFO: Total time: 0.5319085121154785
2024-04-01 13:01:45,488: [53] m.main:INFO: Registered plugins: IntrospectionAPIPlugin, <class 'manticore.ethereum.plugins.SkipRevertBasicBlocks'>, <class 'manticore.ethereum.plugins.FilterFunctions'>
2024-04-01 13:01:45,489: [53] m.main:INFO: Beginning analysis
2024-04-01 13:01:45,490: [53] m.e.manticore:INFO: Starting symbolic create contract
2024-04-01 13:01:51,645: [53] m.e.manticore:INFO: Failed to create contract: exception in constructor
2024-04-01 13:01:51,748: [53] m.c.manticore:INFO: Results in /mcore_bigvgkhd
2024-04-01 13:01:51,748: [53] m.c.manticore:INFO: Total time: 5.331553220748901
2024-04-01 13:01:52,320: [101] m.main:INFO: Registered plugins: IntrospectionAPIPlugin, <class 'manticore.ethereum.plugins.SkipRevertBasicBlocks'>, <class 'manticore.ethereum.plugins.FilterFunctions'>
2024-04-01 13:01:52,320: [101] m.main:INFO: Beginning analysis
2024-04-01 13:01:52,322: [101] m.e.manticore:INFO: Starting symbolic create contract
2024-04-01 13:01:54,651: [101] m.e.manticore:INFO: Failed to create contract: exception in constructor
2024-04-01 13:01:54,745: [101] m.c.manticore:INFO: Results in /mcore_i1y4bmh7
2024-04-01 13:01:54,745: [101] m.c.manticore:INFO: Total time: 1.5711615085601807
2024-04-01 13:01:55,231: [149] m.main:INFO: Registered plugins: IntrospectionAPIPlugin, <class 'manticore.ethereum.plugins.SkipRevertBasicBlocks'>, <class 'manticore.ethereum.plugins.FilterFunctions'>
2024-04-01 13:01:55,231: [149] m.main:INFO: Beginning analysis
2024-04-01 13:01:55,234: [149] m.e.manticore:INFO: Starting symbolic create contract
2024-04-01 13:01:56,474: [149] m.e.manticore:INFO: Failed to create contract: exception in constructor
2024-04-01 13:01:56,558: [149] m.c.manticore:INFO: Results in /mcore_g04t4869
2024-04-01 13:01:56,558: [149] m.c.manticore:INFO: Total time: 0.5493576526641846
2024-04-01 13:01:57,083: [191] m.main:INFO: Registered plugins: IntrospectionAPIPlugin, <class 'manticore.ethereum.plugins.SkipRevertBasicBlocks'>, <class 'manticore.ethereum.plugins.FilterFunctions'>
2024-04-01 13:01:57,084: [191] m.main:INFO: Beginning analysis
2024-04-01 13:01:57,086: [191] m.e.manticore:INFO: Starting symbolic create contract
2024-04-01 13:01:58,404: [191] m.e.manticore:INFO: Failed to create contract: exception in constructor
2024-04-01 13:01:58,498: [191] m.c.manticore:INFO: Results in /mcore_ol4ohduj
2024-04-01 13:01:58,498: [191] m.c.manticore:INFO: Total time: 0.5676815509796143
2024-04-01 13:01:59,025: [233] m.main:INFO: Registered plugins: IntrospectionAPIPlugin, <class 'manticore.ethereum.plugins.SkipRevertBasicBlocks'>, <class 'manticore.ethereum.plugins.FilterFunctions'>
2024-04-01 13:01:59,026: [233] m.main:INFO: Beginning analysis
2024-04-01 13:01:59,028: [233] m.e.manticore:INFO: Starting symbolic create contract
2024-04-01 13:02:00,316: [233] m.e.manticore:INFO: Failed to create contract: exception in constructor
2024-04-01 13:02:00,403: [233] m.c.manticore:INFO: Results in /mcore_x7ax7ndl
2024-04-01 13:02:00,403: [233] m.c.manticore:INFO: Total time: 0.5176398754119873
2024-04-01 13:02:00,921: [275] m.main:INFO: Registered plugins: IntrospectionAPIPlugin, <class 'manticore.ethereum.plugins.SkipRevertBasicBlocks'>, <class 'manticore.ethereum.plugins.FilterFunctions'>
2024-04-01 13:02:00,921: [275] m.main:INFO: Beginning analysis
2024-04-01 13:02:00,923: [275] m.e.manticore:INFO: Starting symbolic create contract
2024-04-01 13:02:02,199: [275] m.e.manticore:INFO: Failed to create contract: exception in constructor
2024-04-01 13:02:02,279: [275] m.c.manticore:INFO: Results in /mcore_j801p4b8
2024-04-01 13:02:02,279: [275] m.c.manticore:INFO: Total time: 0.5462214946746826
