2024-04-01 13:01:44,261: [11] m.main:INFO: Registered plugins: IntrospectionAPIPlugin, <class 'manticore.ethereum.plugins.SkipRevertBasicBlocks'>, <class 'manticore.ethereum.plugins.FilterFunctions'>
2024-04-01 13:01:44,261: [11] m.main:INFO: Beginning analysis
2024-04-01 13:01:44,264: [11] m.e.manticore:INFO: Starting symbolic create contract
2024-04-01 13:01:44,814: [11] m.e.manticore:INFO: Failed to create contract: exception in constructor
2024-04-01 13:01:44,902: [11] m.c.manticore:INFO: Results in /mcore_k40lzh2m
2024-04-01 13:01:44,902: [11] m.c.manticore:INFO: Total time: 0.4966294765472412
2024-04-01 13:01:45,420: [53] m.main:INFO: Registered plugins: IntrospectionAPIPlugin, <class 'manticore.ethereum.plugins.SkipRevertBasicBlocks'>, <class 'manticore.ethereum.plugins.FilterFunctions'>
2024-04-01 13:01:45,421: [53] m.main:INFO: Beginning analysis
2024-04-01 13:01:45,423: [53] m.e.manticore:INFO: Starting symbolic create contract
2024-04-01 13:01:46,694: [53] m.e.manticore:INFO: Failed to create contract: exception in constructor
2024-04-01 13:01:46,784: [53] m.c.manticore:INFO: Results in /mcore_sohpp584
2024-04-01 13:01:46,784: [53] m.c.manticore:INFO: Total time: 1.1627006530761719
2024-04-01 13:01:47,251: [101] m.main:INFO: Registered plugins: IntrospectionAPIPlugin, <class 'manticore.ethereum.plugins.SkipRevertBasicBlocks'>, <class 'manticore.ethereum.plugins.FilterFunctions'>
2024-04-01 13:01:47,251: [101] m.main:INFO: Beginning analysis
2024-04-01 13:01:47,253: [101] m.e.manticore:INFO: Starting symbolic create contract
2024-04-01 13:01:47,858: [101] m.e.manticore:INFO: Failed to create contract: exception in constructor
2024-04-01 13:01:47,935: [101] m.c.manticore:INFO: Results in /mcore_9cp_t09e
2024-04-01 13:01:47,935: [101] m.c.manticore:INFO: Total time: 0.5136229991912842
2024-04-01 13:01:48,413: [143] m.main:INFO: Registered plugins: IntrospectionAPIPlugin, <class 'manticore.ethereum.plugins.SkipRevertBasicBlocks'>, <class 'manticore.ethereum.plugins.FilterFunctions'>
2024-04-01 13:01:48,413: [143] m.main:INFO: Beginning analysis
2024-04-01 13:01:48,415: [143] m.e.manticore:INFO: Starting symbolic create contract
2024-04-01 13:01:50,985: [143] m.e.manticore:INFO: Failed to create contract: exception in constructor
2024-04-01 13:01:51,066: [143] m.c.manticore:INFO: Results in /mcore_h644e4vh
2024-04-01 13:01:51,066: [143] m.c.manticore:INFO: Total time: 2.402043581008911
